-------------------------------------------------------------------------------
Test set: com.saucedemo.runners.TestRunner
-------------------------------------------------------------------------------
Tests run: 2, Failures: 1, Errors: 0, Skipped: 0, Time elapsed: 18.544 s <<< FAILURE! - in com.saucedemo.runners.TestRunner
Unsuccessful login with invalid credentials(Login to SauceDemo)  Time elapsed: 6.498 s  <<< FAILURE!
org.junit.ComparisonFailure: expected:<Epic sad[-]face: Username and p...> but was:<Epic sad[]face: Username and p...>

