<?xml version="1.0" encoding="UTF-8"?>
<testsuite xmlns:xsi="http://www.w3.org/2001/XMLSchema-instance" xsi:noNamespaceSchemaLocation="https://maven.apache.org/surefire/maven-surefire-plugin/xsd/surefire-test-report.xsd" name="com.saucedemo.runners.TestRunner" time="18.544" tests="2" errors="0" skipped="0" failures="1">
  <properties>
[...]
</properties>
  <testcase name="Successful login with valid credentials" classname="Login to SauceDemo" time="9.545"/>
  <testcase name="Unsuccessful login with invalid credentials" classname="Login to SauceDemo" time="6.498">
    <failure message="expected:&lt;Epic sad[-]face: Username and p...&gt; but was:&lt;Epic sad[]face: Username and p...&gt;" type="org.junit.ComparisonFailure"><![CDATA[org.junit.ComparisonFailure: expected:<Epic sad[-]face: Username and p...> but was:<Epic sad[]face: Username and p...>
]]></failure>
    <system-out><![CDATA[
Scenario: Unsuccessful login with invalid credentials                                                             # src/test/java/com/saucedemo/features/login.feature:13
  Given I am on the SauceDemo login page                                                                          # com.saucedemo.stepdefinitions.LoginSteps.i_am_on_the_saucedemo_login_page()
  When I enter an invalid username or password                                                                    # com.saucedemo.stepdefinitions.LoginSteps.i_enter_an_invalid_username_or_password()
  And I click on the login button                                                                                 # com.saucedemo.stepdefinitions.LoginSteps.i_click_on_the_login_button()
  Then I should see an error message "Epic sad-face: Username and password do not match any user in this service" # com.saucedemo.stepdefinitions.LoginSteps.i_should_see_an_error_message(java.lang.String)
      org.junit.ComparisonFailure: expected:<Epic sad[-]face: Username and p...> but was:<Epic sad[]face: Username and p...>
	at org.junit.Assert.assertEquals(Assert.java:117)
	at org.junit.Assert.assertEquals(Assert.java:146)
	at com.saucedemo.stepdefinitions.LoginSteps.i_should_see_an_error_message(LoginSteps.java:75)
	at âœ½.I should see an error message "Epic sad-face: Username and password do not match any user in this service"(file:///D:/Selenium%20frameworks/automation-framework/src/test/java/com/saucedemo/features/login.feature:17)


    Embedding Unsuccessful login with invalid credentials.png [image/png 57796 bytes]

]]></system-out>
    <system-err><![CDATA[Starting ChromeDriver 130.0.6723.69 (3ec172b971b9478c515a58f591112c5c23fa4965-refs/branch-heads/6723@{#1452}) on port 41200
Only local connections are allowed.
Please see https://chromedriver.chromium.org/security-considerations for suggestions on keeping ChromeDriver safe.
ChromeDriver was started successfully on port 41200.
Oct 31, 2024 11:54:00 AM org.openqa.selenium.remote.ProtocolHandshake createSession
INFO: Detected dialect: W3C
]]></system-err>
  </testcase>
</testsuite>